<?xml version="1.0" encoding="UTF-8" ?>
<testsuite errors="0" failures="0" hostname="denisPc" name="junit.TestCalculator" skipped="0" tests="5" time="0.701" timestamp="2017-10-29T20:30:22">
  <properties>
[...]
</properties>
  <testcase classname="junit.TestCalculator" name="testDivideByZero" time="0.026" />
  <testcase classname="junit.TestCalculator" name="testAdd" time="0.001" />
  <testcase classname="junit.TestCalculator" name="testSubtract" time="0.002" />
  <testcase classname="junit.TestCalculator" name="testDivide" time="0.001" />
  <testcase classname="junit.TestCalculator" name="testMultiply" time="0.001" />
  <system-out><![CDATA[]]></system-out>
  <system-err><![CDATA[]]></system-err>
</testsuite>
